{"total": {"lines":{"total":503,"covered":270,"skipped":0,"pct":53.67},"statements":{"total":512,"covered":279,"skipped":0,"pct":54.49},"functions":{"total":102,"covered":65,"skipped":0,"pct":63.72},"branches":{"total":340,"covered":147,"skipped":0,"pct":43.23},"branchesTrue":{"total":0,"covered":0,"skipped":0,"pct":100}}
,"/Users/vladimirzinin/Desktop/workspace/tg-tasker-bot/src/app/container.ts": {"lines":{"total":12,"covered":11,"skipped":0,"pct":91.66},"functions":{"total":1,"covered":0,"skipped":0,"pct":0},"statements":{"total":12,"covered":11,"skipped":0,"pct":91.66},"branches":{"total":0,"covered":0,"skipped":0,"pct":100}}
,"/Users/vladimirzinin/Desktop/workspace/tg-tasker-bot/src/bot/index.ts": {"lines":{"total":209,"covered":32,"skipped":0,"pct":15.31},"functions":{"total":27,"covered":4,"skipped":0,"pct":14.81},"statements":{"total":209,"covered":32,"skipped":0,"pct":15.31},"branches":{"total":145,"covered":7,"skipped":0,"pct":4.82}}
,"/Users/vladimirzinin/Desktop/workspace/tg-tasker-bot/src/bot/start/start.router.ts": {"lines":{"total":11,"covered":11,"skipped":0,"pct":100},"functions":{"total":3,"covered":3,"skipped":0,"pct":100},"statements":{"total":14,"covered":14,"skipped":0,"pct":100},"branches":{"total":12,"covered":12,"skipped":0,"pct":100}}
,"/Users/vladimirzinin/Desktop/workspace/tg-tasker-bot/src/bot/start/handlers/start.join.ts": {"lines":{"total":10,"covered":10,"skipped":0,"pct":100},"functions":{"total":4,"covered":4,"skipped":0,"pct":100},"statements":{"total":10,"covered":10,"skipped":0,"pct":100},"branches":{"total":6,"covered":5,"skipped":0,"pct":83.33}}
,"/Users/vladimirzinin/Desktop/workspace/tg-tasker-bot/src/bot/start/handlers/start.plain.ts": {"lines":{"total":1,"covered":1,"skipped":0,"pct":100},"functions":{"total":1,"covered":1,"skipped":0,"pct":100},"statements":{"total":1,"covered":1,"skipped":0,"pct":100},"branches":{"total":0,"covered":0,"skipped":0,"pct":100}}
,"/Users/vladimirzinin/Desktop/workspace/tg-tasker-bot/src/bot/start/handlers/start.task.ts": {"lines":{"total":8,"covered":8,"skipped":0,"pct":100},"functions":{"total":1,"covered":1,"skipped":0,"pct":100},"statements":{"total":8,"covered":8,"skipped":0,"pct":100},"branches":{"total":4,"covered":4,"skipped":0,"pct":100}}
,"/Users/vladimirzinin/Desktop/workspace/tg-tasker-bot/src/bot/utils/ephemeral.ts": {"lines":{"total":39,"covered":30,"skipped":0,"pct":76.92},"functions":{"total":5,"covered":5,"skipped":0,"pct":100},"statements":{"total":39,"covered":30,"skipped":0,"pct":76.92},"branches":{"total":30,"covered":18,"skipped":0,"pct":60}}
,"/Users/vladimirzinin/Desktop/workspace/tg-tasker-bot/src/config/env.ts": {"lines":{"total":20,"covered":20,"skipped":0,"pct":100},"functions":{"total":5,"covered":5,"skipped":0,"pct":100},"statements":{"total":22,"covered":22,"skipped":0,"pct":100},"branches":{"total":17,"covered":16,"skipped":0,"pct":94.11}}
,"/Users/vladimirzinin/Desktop/workspace/tg-tasker-bot/src/domain/tasks/task.rules.ts": {"lines":{"total":14,"covered":13,"skipped":0,"pct":92.85},"functions":{"total":3,"covered":3,"skipped":0,"pct":100},"statements":{"total":18,"covered":17,"skipped":0,"pct":94.44},"branches":{"total":20,"covered":17,"skipped":0,"pct":85}}
,"/Users/vladimirzinin/Desktop/workspace/tg-tasker-bot/src/domain/tasks/task.service.ts": {"lines":{"total":78,"covered":64,"skipped":0,"pct":82.05},"functions":{"total":12,"covered":11,"skipped":0,"pct":91.66},"statements":{"total":78,"covered":64,"skipped":0,"pct":82.05},"branches":{"total":55,"covered":39,"skipped":0,"pct":70.9}}
,"/Users/vladimirzinin/Desktop/workspace/tg-tasker-bot/src/domain/workspaces/workspace-admin.service.ts": {"lines":{"total":29,"covered":25,"skipped":0,"pct":86.2},"functions":{"total":7,"covered":7,"skipped":0,"pct":100},"statements":{"total":29,"covered":25,"skipped":0,"pct":86.2},"branches":{"total":17,"covered":13,"skipped":0,"pct":76.47}}
,"/Users/vladimirzinin/Desktop/workspace/tg-tasker-bot/src/domain/workspaces/workspace-invite.service.ts": {"lines":{"total":15,"covered":14,"skipped":0,"pct":93.33},"functions":{"total":3,"covered":3,"skipped":0,"pct":100},"statements":{"total":15,"covered":14,"skipped":0,"pct":93.33},"branches":{"total":4,"covered":3,"skipped":0,"pct":75}}
,"/Users/vladimirzinin/Desktop/workspace/tg-tasker-bot/src/domain/workspaces/workspace-member.service.ts": {"lines":{"total":3,"covered":3,"skipped":0,"pct":100},"functions":{"total":2,"covered":2,"skipped":0,"pct":100},"statements":{"total":3,"covered":3,"skipped":0,"pct":100},"branches":{"total":0,"covered":0,"skipped":0,"pct":100}}
,"/Users/vladimirzinin/Desktop/workspace/tg-tasker-bot/src/domain/workspaces/workspace.service.ts": {"lines":{"total":2,"covered":2,"skipped":0,"pct":100},"functions":{"total":2,"covered":2,"skipped":0,"pct":100},"statements":{"total":2,"covered":2,"skipped":0,"pct":100},"branches":{"total":0,"covered":0,"skipped":0,"pct":100}}
,"/Users/vladimirzinin/Desktop/workspace/tg-tasker-bot/src/infra/db/pendingDeletion.repo.prisma.ts": {"lines":{"total":4,"covered":4,"skipped":0,"pct":100},"functions":{"total":4,"covered":4,"skipped":0,"pct":100},"statements":{"total":4,"covered":4,"skipped":0,"pct":100},"branches":{"total":0,"covered":0,"skipped":0,"pct":100}}
,"/Users/vladimirzinin/Desktop/workspace/tg-tasker-bot/src/infra/db/prisma.ts": {"lines":{"total":3,"covered":3,"skipped":0,"pct":100},"functions":{"total":0,"covered":0,"skipped":0,"pct":100},"statements":{"total":3,"covered":3,"skipped":0,"pct":100},"branches":{"total":2,"covered":2,"skipped":0,"pct":100}}
,"/Users/vladimirzinin/Desktop/workspace/tg-tasker-bot/src/infra/db/task.repo.prisma.ts": {"lines":{"total":26,"covered":8,"skipped":0,"pct":30.76},"functions":{"total":11,"covered":3,"skipped":0,"pct":27.27},"statements":{"total":26,"covered":8,"skipped":0,"pct":30.76},"branches":{"total":16,"covered":6,"skipped":0,"pct":37.5}}
,"/Users/vladimirzinin/Desktop/workspace/tg-tasker-bot/src/infra/db/workspace-invite.repo.prisma.ts": {"lines":{"total":5,"covered":3,"skipped":0,"pct":60},"functions":{"total":3,"covered":2,"skipped":0,"pct":66.66},"statements":{"total":5,"covered":3,"skipped":0,"pct":60},"branches":{"total":2,"covered":2,"skipped":0,"pct":100}}
,"/Users/vladimirzinin/Desktop/workspace/tg-tasker-bot/src/infra/db/workspace-member.repo.prisma.ts": {"lines":{"total":3,"covered":3,"skipped":0,"pct":100},"functions":{"total":2,"covered":2,"skipped":0,"pct":100},"statements":{"total":3,"covered":3,"skipped":0,"pct":100},"branches":{"total":0,"covered":0,"skipped":0,"pct":100}}
,"/Users/vladimirzinin/Desktop/workspace/tg-tasker-bot/src/infra/db/workspace.repo.prisma.ts": {"lines":{"total":11,"covered":5,"skipped":0,"pct":45.45},"functions":{"total":6,"covered":3,"skipped":0,"pct":50},"statements":{"total":11,"covered":5,"skipped":0,"pct":45.45},"branches":{"total":10,"covered":3,"skipped":0,"pct":30}}
}
